<?xml version="1.0" encoding="UTF-8"?>
<!-- Generated by org.testng.reporters.JUnitReportReporter -->
<testsuite skipped="0" hostname="DESKTOP-073RRFP" name="com.company.test.LoginTest" tests="1" failures="0" timestamp="07 Jul 2020 09:27:18 GMT" time="3.326" errors="0">
  <testcase name="loginApp" time="3.326" classname="com.company.test.LoginTest"/>
</testsuite> <!-- com.company.test.LoginTest -->
