<?xml version="1.0" encoding="UTF-8"?>
<!-- Generated by org.testng.reporters.JUnitReportReporter -->
<testsuite hostname="DESKTOP-N8EAH5I" name="com.scoma.Login" tests="1" failures="0" timestamp="13 May 2020 12:25:07 GMT" time="15.919" errors="0">
  <testcase name="loginApp" time="15.919" classname="com.scoma.Login"/>
</testsuite> <!-- com.scoma.Login -->
