<?xml version="1.0" encoding="UTF-8"?>
<!-- Generated by org.testng.reporters.JUnitReportReporter -->
<testsuite hostname="DESKTOP-N8EAH5I" name="com.scoma.RememberMe" tests="2" failures="0" timestamp="15 May 2020 12:30:56 GMT" time="35.709" errors="0">
  <testcase name="LogoutApp" time="27.782" classname="com.scoma.RememberMe"/>
  <testcase name="loginApp" time="7.927" classname="com.scoma.RememberMe"/>
</testsuite> <!-- com.scoma.RememberMe -->
